2019-11-13 09:38:58,464 - v1.2 - INFO - GraderClient : 113 - Found home directory for the user (sysadmin)
2019-11-13 09:38:58,491 - v1.2 - INFO - GraderClient : 116 - All current instances of user logged off
2019-11-13 09:38:58,491 - v1.2 - INFO - GraderClient : 69 - <------> connecting to server socket <------->
2019-11-13 09:38:58,492 - v1.2 - INFO - GraderClient : 70 - dev.chatscrum.com
2019-11-13 09:38:58,492 - v1.2 - INFO - GraderClient : 71 - 58500
2019-11-13 09:38:58,504 - v1.2 - INFO - GraderClient : 74 - <------ connected to socket and requested lab instructions ------>
2019-11-13 09:38:58,637 - v1.2 - DEBUG - GraderClient : 79 - <-------- data received from host: (dp0
I1
(lp1
S'adminKnows'
p2
aS'if rpm -q  docker; then echo "true"; else echo "False"; fi'
p3
asI2
(lp4
g2
aS'ps -ef | grep docker 2>&1 > /dev/null && echo "true" || echo "False"'
p5
asI3
(lp6
g2
aS'[ -d "/web" ] && grep -q "FROM nginx.*" /web/Dockerfile && echo "true" || echo "False"'
p7
asI4
(lp8
g2
aS'[ -d "/web/html" ] && grep -q "Hello.*World*" /web/html/index.html && [ "$(sudo docker images ps -a | grep test-image)" ] && echo "true" || echo "False"'
p9
asI5
(lp10
g2
aS'[ "$(sudo docker ps -a | grep test-container)" ] && echo "true" || echo "False"'
p11
asI6
(lp12
g2
aS'if ! sudo docker inspect test-container |  grep "Volumes...null"  2>&1 > /dev/null; then echo "true"; else echo "False"; fi'
p13
as.; it must be instructions!! -------->
2019-11-13 09:38:58,638 - v1.2 - DEBUG - GraderClient : 81 - <-------- data received from host: (dp0
I1
(lp1
S'adminKnows'
p2
aS'if rpm -q  docker; then echo "true"; else echo "False"; fi'
p3
asI2
(lp4
g2
aS'ps -ef | grep docker 2>&1 > /dev/null && echo "true" || echo "False"'
p5
asI3
(lp6
g2
aS'[ -d "/web" ] && grep -q "FROM nginx.*" /web/Dockerfile && echo "true" || echo "False"'
p7
asI4
(lp8
g2
aS'[ -d "/web/html" ] && grep -q "Hello.*World*" /web/html/index.html && [ "$(sudo docker images ps -a | grep test-image)" ] && echo "true" || echo "False"'
p9
asI5
(lp10
g2
aS'[ "$(sudo docker ps -a | grep test-container)" ] && echo "true" || echo "False"'
p11
asI6
(lp12
g2
aS'if ! sudo docker inspect test-container |  grep "Volumes...null"  2>&1 > /dev/null; then echo "true"; else echo "False"; fi'
p13
as.; it must be instructions!! -------->
2019-11-13 09:38:58,638 - v1.2 - DEBUG - GraderClient : 82 - <-------- data received from host: dev.chatscrum.com; it must be instructions!! -------->
2019-11-13 09:38:58,678 - v1.2 - DEBUG - GraderClient : 60 - command execution finished with returncode 0, and resulting data: package docker is not installed
False
; error: .
2019-11-13 09:38:58,691 - v1.2 - DEBUG - GraderClient : 60 - command execution finished with returncode 0, and resulting data: true
; error: .
2019-11-13 09:38:58,693 - v1.2 - DEBUG - GraderClient : 60 - command execution finished with returncode 0, and resulting data: False
; error: .
2019-11-13 09:38:58,696 - v1.2 - DEBUG - GraderClient : 60 - command execution finished with returncode 0, and resulting data: False
; error: .
2019-11-13 09:38:58,715 - v1.2 - DEBUG - GraderClient : 60 - command execution finished with returncode 0, and resulting data: False
; error: sudo: docker: command not found
.
2019-11-13 09:38:58,730 - v1.2 - DEBUG - GraderClient : 60 - command execution finished with returncode 0, and resulting data: true
; error: sudo: docker: command not found
.
2019-11-13 09:38:58,730 - v1.2 - INFO - GraderClient : 50 - <-------- sending result for LINUX lab { id = 112 } to host: dev.chatscrum.com -------->
2019-11-13 09:38:58,730 - v1.2 - DEBUG - GraderClient : 52 - <-------- result for lab sent -------->
